<?xml version="1.0" encoding="UTF-8"?>
<!-- Generated by org.testng.reporters.JUnitXMLReporter -->
<testsuite hostname="Adityayadav-PC" ignored="0" name="firefoxTest" tests="1" failures="0" timestamp="2020-07-28T13:29:38 IST" time="0.016" errors="0">
  <testcase name="@BeforeTest openBrowser" time="-1.595923178817E9" classname="Utilities.Base">
    <failure type="org.testng.TestNGException" message="
Can inject only one of &amp;lt;ITestContext, XmlTest&amp;gt; into a @BeforeTest annotated openBrowser.
For more information on native dependency injection please refer to http://testng.org/doc/documentation-main.html#native-dependency-injection">
      <![CDATA[org.testng.TestNGException: 
Can inject only one of <ITestContext, XmlTest> into a @BeforeTest annotated openBrowser.
For more information on native dependency injection please refer to http://testng.org/doc/documentation-main.html#native-dependency-injection
... Removed 21 stack frames]]>
    </failure>
  </testcase> <!-- @BeforeTest openBrowser -->
  <testcase name="@AfterTest tearDown" time="-1.595923178829E9" classname="Utilities.Base">
    <skipped/>
  </testcase> <!-- @AfterTest tearDown -->
  <testcase name="testNSE" time="0.0" classname="nse.nse1.TestNSE">
    <skipped/>
  </testcase> <!-- testNSE -->
</testsuite> <!-- firefoxTest -->
